# JRE version: Java(TM) SE Runtime Environment 18.9 (11.0.9+7) (build 11.0.9+7-LTS)
# Java VM: Java HotSpot(TM) 64-Bit Server VM 18.9 (11.0.9+7-LTS, mixed mode, tiered, compressed oops, g1 gc, bsd-amd64)
Heap:
 garbage-first heap   total 262144K, used 42715K [0x0000000700000000, 0x0000000800000000)
  region size 1024K, 37 young (37888K), 5 survivors (5120K)
 Metaspace       used 17430K, capacity 17721K, committed 18048K, reserved 1064960K
  class space    used 1721K, capacity 1825K, committed 1920K, reserved 1048576K
GC Heap History (10 events):
Event: 2.557 GC heap after
{Heap after GC invocations=1 (full 0):
 garbage-first heap   total 262144K, used 3471K [0x0000000700000000, 0x0000000800000000)
  region size 1024K, 2 young (2048K), 2 survivors (2048K)
 Metaspace       used 11773K, capacity 12051K, committed 12288K, reserved 1060864K
  class space    used 1147K, capacity 1250K, committed 1280K, reserved 1048576K
}
Event: 4.772 GC heap before
{Heap before GC invocations=1 (full 0):
 garbage-first heap   total 262144K, used 13711K [0x0000000700000000, 0x0000000800000000)
  region size 1024K, 12 young (12288K), 2 survivors (2048K)
 Metaspace       used 15771K, capacity 16058K, committed 16384K, reserved 1064960K
  class space    used 1623K, capacity 1708K, committed 1792K, reserved 1048576K
}
Event: 4.788 GC heap after
{Heap after GC invocations=2 (full 0):
 garbage-first heap   total 262144K, used 5013K [0x0000000700000000, 0x0000000800000000)
  region size 1024K, 2 young (2048K), 2 survivors (2048K)
 Metaspace       used 15771K, capacity 16058K, committed 16384K, reserved 1064960K
  class space    used 1623K, capacity 1708K, committed 1792K, reserved 1048576K
}
Event: 6.489 GC heap before
{Heap before GC invocations=2 (full 0):
 garbage-first heap   total 262144K, used 18325K [0x0000000700000000, 0x0000000800000000)
  region size 1024K, 15 young (15360K), 2 survivors (2048K)
 Metaspace       used 16817K, capacity 17169K, committed 17536K, reserved 1064960K
  class space    used 1720K, capacity 1822K, committed 1920K, reserved 1048576K
}
Event: 6.514 GC heap after
{Heap after GC invocations=3 (full 0):
 garbage-first heap   total 262144K, used 6664K [0x0000000700000000, 0x0000000800000000)
  region size 1024K, 2 young (2048K), 2 survivors (2048K)
 Metaspace       used 16817K, capacity 17169K, committed 17536K, reserved 1064960K
  class space    used 1720K, capacity 1822K, committed 1920K, reserved 1048576K
}
Event: 7.963 GC heap before
{Heap before GC invocations=3 (full 0):
 garbage-first heap   total 262144K, used 23048K [0x0000000700000000, 0x0000000800000000)
  region size 1024K, 19 young (19456K), 2 survivors (2048K)
 Metaspace       used 17068K, capacity 17369K, committed 17792K, reserved 1064960K
  class space    used 1720K, capacity 1822K, committed 1920K, reserved 1048576K
}
Event: 7.975 GC heap after
{Heap after GC invocations=4 (full 0):
 garbage-first heap   total 262144K, used 8290K [0x0000000700000000, 0x0000000800000000)
  region size 1024K, 2 young (2048K), 2 survivors (2048K)
 Metaspace       used 17068K, capacity 17369K, committed 17792K, reserved 1064960K
  class space    used 1720K, capacity 1822K, committed 1920K, reserved 1048576K
}
Event: 9.881 GC heap before
{Heap before GC invocations=4 (full 0):
 garbage-first heap   total 262144K, used 31842K [0x0000000700000000, 0x0000000800000000)
  region size 1024K, 25 young (25600K), 2 survivors (2048K)
 Metaspace       used 17247K, capacity 17521K, committed 17792K, reserved 1064960K
  class space    used 1721K, capacity 1824K, committed 1920K, reserved 1048576K
}
Event: 9.903 GC heap after
{Heap after GC invocations=5 (full 0):
 garbage-first heap   total 262144K, used 9947K [0x0000000700000000, 0x0000000800000000)
  region size 1024K, 4 young (4096K), 4 survivors (4096K)
 Metaspace       used 17247K, capacity 17521K, committed 17792K, reserved 1064960K
  class space    used 1721K, capacity 1824K, committed 1920K, reserved 1048576K
}
Event: 12.308 GC heap before
{Heap before GC invocations=5 (full 0):
 garbage-first heap   total 262144K, used 42715K [0x0000000700000000, 0x0000000800000000)
  region size 1024K, 36 young (36864K), 4 survivors (4096K)
 Metaspace       used 17430K, capacity 17721K, committed 18048K, reserved 1064960K
  class space    used 1721K, capacity 1825K, committed 1920K, reserved 1048576K
}

